2025-08-03T15:32:06.314Z - Submitted answer for question 3: Correct (v1.3.17)
2025-08-03T15:32:09.783Z - Navigated to next question: 2 (v1.3.17)
2025-08-03T15:32:09.784Z - Rendered question 2: 4 (v1.3.17)
2025-08-03T15:32:23.096Z - Submitted answer for question 4: Incorrect (v1.3.17)
2025-08-03T15:32:35.584Z - Navigated to next question: 3 (v1.3.17)
2025-08-03T15:32:35.584Z - Rendered question 3: 6 (v1.3.17)
2025-08-03T15:32:41.196Z - Navigated to previous question: 2 (v1.3.17)
2025-08-03T15:32:41.197Z - Rendered question 2: 4 (v1.3.17)
2025-08-03T15:32:44.520Z - Initializing application (v1.3.17)
2025-08-03T15:32:44.521Z - Initiating question fetch (v1.3.17)
2025-08-03T15:32:44.543Z - Loaded 301 questions via jsonInterface.js (v1.3.17)
2025-08-03T15:32:46.818Z - Button clicked: study Mode (v1.3.17)
2025-08-03T15:32:46.819Z - Showed section: program-selection (v1.3.17)
2025-08-03T15:32:48.565Z - Populated module dropdowns for program 2 (v1.3.17)
2025-08-03T15:32:48.564Z - Selected program: 2 (v1.3.17)
2025-08-03T15:32:48.565Z - Showed section: quiz-content (v1.3.17)
2025-08-03T15:32:55.420Z - Starting quiz with Module Range: 4-4 (v1.3.17)
2025-08-03T15:32:55.421Z - Filtered 48 questions (v1.3.17)
2025-08-03T15:32:55.421Z - Showed section: quiz (v1.3.17)
2025-08-03T15:32:55.421Z - Rendered question 1: 8 (v1.3.17)
2025-08-03T15:32:55.421Z - Rendering first question (v1.3.17)
2025-08-03T15:32:58.416Z - Initializing application (v1.3.17)
2025-08-03T15:32:58.416Z - Initiating question fetch (v1.3.17)
2025-08-03T15:32:58.438Z - Loaded 301 questions via jsonInterface.js (v1.3.17)
